2022-11-29T12:01:52.816692+0000 - DEBUG - game start
2022-11-29T12:02:46.343094+0000 - DEBUG - move person
2022-11-29T12:02:52.517759+0000 - DEBUG - move bot
2022-11-29T12:02:52.570839+0000 - DEBUG - move person
2022-11-29T12:03:03.357973+0000 - DEBUG - move bot
2022-11-29T12:03:03.493133+0000 - DEBUG - move person
2022-11-29T12:03:14.494239+0000 - DEBUG - move bot
2022-11-29T12:03:14.544067+0000 - DEBUG - move person
2022-11-29T12:03:19.584275+0000 - DEBUG - move bot
2022-11-29T12:03:19.675200+0000 - DEBUG - winner bot
2022-11-29T12:07:56.366503+0000 - DEBUG - game start
2022-11-29T12:08:07.826349+0000 - DEBUG - move person
2022-11-29T12:08:11.642335+0000 - DEBUG -  take sweet  28
2022-11-29T12:08:11.735825+0000 - DEBUG - move bot take sweet  5
2022-11-29T12:08:11.808125+0000 - DEBUG - move person
2022-11-29T12:08:18.707653+0000 - DEBUG -  take sweet  28
2022-11-29T12:08:18.800814+0000 - DEBUG - move bot take sweet  1
2022-11-29T12:08:18.855712+0000 - DEBUG - move person
2022-11-29T12:08:28.307157+0000 - DEBUG -  take sweet  24
2022-11-29T12:08:28.397647+0000 - DEBUG - move bot take sweet  5
2022-11-29T12:08:28.529387+0000 - DEBUG - move person
2022-11-29T12:08:32.103757+0000 - DEBUG -  take sweet  28
2022-11-29T12:08:32.202792+0000 - DEBUG - move bot take sweet  1
2022-11-29T12:08:32.290971+0000 - DEBUG - winner bot
2022-11-29T12:08:48.094367+0000 - DEBUG - game start
2022-11-29T12:08:55.561875+0000 - DEBUG - move person
2022-11-29T12:09:02.196291+0000 - DEBUG -  take sweet  28
2022-11-29T12:09:02.303713+0000 - DEBUG - move kid
2022-11-29T12:09:06.607213+0000 - DEBUG -  take sweet  28
2022-11-29T12:09:06.685632+0000 - DEBUG - move person
2022-11-29T12:09:10.932802+0000 - DEBUG -  take sweet  28
2022-11-29T12:09:11.044906+0000 - DEBUG - move kid
2022-11-29T12:09:14.128558+0000 - DEBUG -  take sweet  28
2022-11-29T12:09:14.219279+0000 - DEBUG - move person
2022-11-29T12:09:19.209032+0000 - DEBUG -  take sweet  28
2022-11-29T12:09:19.209032+0000 - DEBUG - winner person
2022-11-29T12:12:17.022164+0000 - DEBUG - 
game start
2022-11-29T12:12:24.489383+0000 - DEBUG - move person
2022-11-29T12:12:28.266687+0000 - DEBUG -  take sweet  28
2022-11-29T12:12:28.377921+0000 - DEBUG - move kid
2022-11-29T12:12:31.696579+0000 - DEBUG -  take sweet  3
2022-11-29T12:12:31.777764+0000 - DEBUG - move person
2022-11-29T12:12:34.837483+0000 - DEBUG -  take sweet  23
2022-11-29T12:12:34.953271+0000 - DEBUG - move kid
2022-11-29T12:12:37.786193+0000 - DEBUG -  take sweet  28
2022-11-29T12:12:37.878648+0000 - DEBUG - move person
2022-11-29T12:12:41.705107+0000 - DEBUG -  take sweet  13
2022-11-29T12:12:41.842873+0000 - DEBUG - move kid
2022-11-29T12:12:44.409779+0000 - DEBUG -  take sweet  24
2022-11-29T12:12:44.496456+0000 - DEBUG - move person
2022-11-29T12:12:48.620575+0000 - DEBUG -  take sweet  23
2022-11-29T12:12:48.621667+0000 - DEBUG - winner person
2022-11-29T15:34:50.971711+0000 - DEBUG - 
game start
2022-11-29T15:35:09.087551+0000 - DEBUG - move person
2022-11-29T15:35:21.643236+0000 - DEBUG -  take sweet  28
2022-11-29T15:35:21.769998+0000 - DEBUG - move bot take sweet  5
2022-11-29T15:35:21.832258+0000 - DEBUG - move person
2022-11-29T15:35:41.294322+0000 - DEBUG -  take sweet  28
2022-11-29T15:35:41.387119+0000 - DEBUG - move bot take sweet  1
2022-11-29T15:35:41.427468+0000 - DEBUG - move person
2022-11-29T15:35:45.224759+0000 - DEBUG -  take sweet  28
2022-11-29T15:35:45.348268+0000 - DEBUG - move bot take sweet  1
2022-11-29T15:35:45.394037+0000 - DEBUG - move person
2022-11-29T15:35:48.351868+0000 - DEBUG -  take sweet  28
2022-11-29T15:35:48.445674+0000 - DEBUG - move bot take sweet  1
2022-11-29T15:35:48.560745+0000 - DEBUG - winner bot

